<?xml version="1.0" encoding="UTF-8"?>
<!-- Generated by org.testng.reporters.JUnitXMLReporter -->
<testsuite ignored="0" hostname="COG-WIN-MAC03" failures="0" tests="4" name="Default test" time="400.308" errors="0" timestamp="2024-08-20T04:21:18 IST">
  <testcase classname="testCases.JobPostReportTest" name="validateHiringReportWithDesignation" time="85.746"/>
  <testcase classname="testCases.JobPostReportTest" name="validateHiringReportWithStatus" time="92.34"/>
  <testcase classname="testCases.JobPostReportTest" name="validateStatuisRadioButtonFunctionalityOfHiringReportWithDesignation" time="99.421"/>
  <testcase classname="testCases.JobPostReportTest" name="validateStatuisRadioButtonFunctionalityOfHiringReportWithStatus" time="105.822"/>
</testsuite> <!-- Default test -->
