<?xml version="1.0" encoding="UTF-8"?>
<testng-results ignored="11" total="12" passed="1" failed="0" skipped="0">
  <reporter-output>
  </reporter-output>
  <suite started-at="2024-08-23T02:29:52 IST" name="Default suite" finished-at="2024-08-23T02:31:49 IST" duration-ms="117538">
    <groups>
    </groups>
    <test started-at="2024-08-23T02:29:52 IST" name="Default test" finished-at="2024-08-23T02:31:49 IST" duration-ms="117538">
      <class name="testCases.JobBoardSetupTest">
        <test-method is-config="true" signature="setUp()[pri:0, instance:testCases.JobBoardSetupTest@50b472aa]" started-at="2024-08-23T02:29:52 IST" name="setUp" finished-at="2024-08-23T02:30:08 IST" duration-ms="16212" status="PASS">
          <reporter-output>
          </reporter-output>
        </test-method> <!-- setUp -->
        <test-method is-config="true" signature="beforeMethod(java.lang.reflect.Method)[pri:0, instance:testCases.JobBoardSetupTest@50b472aa]" started-at="2024-08-23T02:30:08 IST" name="beforeMethod" finished-at="2024-08-23T02:30:08 IST" duration-ms="574" status="PASS">
          <params>
            <param index="0">
              <value>
                <![CDATA[public void testCases.JobBoardSetupTest.validateTestimonialsPageWithDeatilRadioButtonFunctionalitty() throws java.awt.AWTException]]>
              </value>
            </param>
          </params>
          <reporter-output>
          </reporter-output>
        </test-method> <!-- beforeMethod -->
        <test-method signature="validateTestimonialsPageWithDeatilRadioButtonFunctionalitty()[pri:9, instance:testCases.JobBoardSetupTest@50b472aa]" started-at="2024-08-23T02:30:08 IST" name="validateTestimonialsPageWithDeatilRadioButtonFunctionalitty" finished-at="2024-08-23T02:31:47 IST" duration-ms="98727" status="PASS">
          <reporter-output>
          </reporter-output>
        </test-method> <!-- validateTestimonialsPageWithDeatilRadioButtonFunctionalitty -->
        <test-method is-config="true" signature="reportWrapUp(org.testng.ITestResult,java.lang.reflect.Method)[pri:0, instance:testCases.JobBoardSetupTest@50b472aa]" started-at="2024-08-23T02:31:47 IST" name="reportWrapUp" finished-at="2024-08-23T02:31:47 IST" duration-ms="29" status="PASS">
          <params>
            <param index="0">
              <value>
                <![CDATA[[TestResult name=validateTestimonialsPageWithDeatilRadioButtonFunctionalitty status=SUCCESS method=JobBoardSetupTest.validateTestimonialsPageWithDeatilRadioButtonFunctionalitty()[pri:9, instance:testCases.JobBoardSetupTest@50b472aa] output={null}]]]>
              </value>
            </param>
            <param index="1">
              <value>
                <![CDATA[public void testCases.JobBoardSetupTest.validateTestimonialsPageWithDeatilRadioButtonFunctionalitty() throws java.awt.AWTException]]>
              </value>
            </param>
          </params>
          <reporter-output>
          </reporter-output>
        </test-method> <!-- reportWrapUp -->
        <test-method is-config="true" signature="closeBrowser()[pri:0, instance:testCases.JobBoardSetupTest@50b472aa]" started-at="2024-08-23T02:31:47 IST" name="closeBrowser" finished-at="2024-08-23T02:31:49 IST" duration-ms="1762" status="PASS">
          <reporter-output>
          </reporter-output>
        </test-method> <!-- closeBrowser -->
        <test-method is-config="true" signature="close()[pri:0, instance:testCases.JobBoardSetupTest@50b472aa]" started-at="2024-08-23T02:31:49 IST" name="close" finished-at="2024-08-23T02:31:51 IST" duration-ms="1328" status="PASS">
          <reporter-output>
          </reporter-output>
        </test-method> <!-- close -->
      </class> <!-- testCases.JobBoardSetupTest -->
    </test> <!-- Default test -->
  </suite> <!-- Default suite -->
</testng-results>
